Traceback (most recent call last):
  File "D:\WebODM\odm_data_bellus-master\odm_data_bellus-master\CustomApp\server\scripts\analyze_drone.py", line 176, in <module>
    main()
    ~~~~^^
  File "D:\WebODM\odm_data_bellus-master\odm_data_bellus-master\CustomApp\server\scripts\analyze_drone.py", line 173, in main
    print(json.dumps(output))
          ~~~~~~~~~~^^^^^^^^
  File "C:\Python314\Lib\json\__init__.py", line 235, in dumps
    return _default_encoder.encode(obj)
           ~~~~~~~~~~~~~~~~~~~~~~~^^^^^
  File "C:\Python314\Lib\json\encoder.py", line 202, in encode
    chunks = self.iterencode(o, _one_shot=True)
  File "C:\Python314\Lib\json\encoder.py", line 263, in iterencode
    return _iterencode(o, 0)
  File "C:\Python314\Lib\json\encoder.py", line 182, in default
    raise TypeError(f'Object of type {o.__class__.__name__} '
                    f'is not JSON serializable')
TypeError: Object of type float32 is not JSON serializable
when serializing dict item 'avg_confidence'
when serializing dict item 'best_config'
